# JRE version: OpenJDK Runtime Environment Microsoft-12574423 (17.0.17+10) (build 17.0.17+10-LTS)
# Java VM: OpenJDK 64-Bit Server VM Microsoft-12574423 (17.0.17+10-LTS, mixed mode, sharing, tiered, compressed oops, compressed class ptrs, g1 gc, windows-amd64)
GC Precious Log:
 CPUs: 12 total, 12 available
 Memory: 7876M
 Large Page Support: Disabled
 NUMA Support: Disabled
 Compressed Oops: Enabled (32-bit)
 Heap Region Size: 1M
 Heap Min Capacity: 8M
 Heap Initial Capacity: 124M
 Heap Max Capacity: 1970M
 Pre-touch: Disabled
 Parallel Workers: 10
 Concurrent Workers: 3
 Concurrent Refinement Workers: 10
 Periodic GC: Disabled
Heap:
 garbage-first heap   total 84992K, used 55411K [0x0000000084e00000, 0x0000000100000000)
  region size 1024K, 18 young (18432K), 2 survivors (2048K)
 Metaspace       used 86980K, committed 87552K, reserved 1179648K
  class space    used 12205K, committed 12480K, reserved 1048576K
GC Heap History (20 events):
Event: 15.447 GC heap before
{Heap before GC invocations=13 (full 0):
 garbage-first heap   total 70656K, used 55281K [0x0000000084e00000, 0x0000000100000000)
  region size 1024K, 35 young (35840K), 5 survivors (5120K)
 Metaspace       used 47079K, committed 47552K, reserved 1114112K
  class space    used 6100K, committed 6336K, reserved 1048576K
}
Event: 15.456 GC heap after
{Heap after GC invocations=14 (full 0):
 garbage-first heap   total 70656K, used 26865K [0x0000000084e00000, 0x0000000100000000)
  region size 1024K, 3 young (3072K), 3 survivors (3072K)
 Metaspace       used 47079K, committed 47552K, reserved 1114112K
  class space    used 6100K, committed 6336K, reserved 1048576K
}
Event: 17.023 GC heap before
{Heap before GC invocations=14 (full 0):
 garbage-first heap   total 70656K, used 55537K [0x0000000084e00000, 0x0000000100000000)
  region size 1024K, 31 young (31744K), 3 survivors (3072K)
 Metaspace       used 52714K, committed 53248K, reserved 1114112K
  class space    used 7154K, committed 7424K, reserved 1048576K
}
Event: 17.029 GC heap after
{Heap after GC invocations=15 (full 0):
 garbage-first heap   total 70656K, used 28662K [0x0000000084e00000, 0x0000000100000000)
  region size 1024K, 2 young (2048K), 2 survivors (2048K)
 Metaspace       used 52714K, committed 53248K, reserved 1114112K
  class space    used 7154K, committed 7424K, reserved 1048576K
}
Event: 18.923 GC heap before
{Heap before GC invocations=15 (full 0):
 garbage-first heap   total 70656K, used 50166K [0x0000000084e00000, 0x0000000100000000)
  region size 1024K, 25 young (25600K), 2 survivors (2048K)
 Metaspace       used 59808K, committed 60288K, reserved 1114112K
  class space    used 8006K, committed 8256K, reserved 1048576K
}
Event: 18.930 GC heap after
{Heap after GC invocations=16 (full 0):
 garbage-first heap   total 70656K, used 30846K [0x0000000084e00000, 0x0000000100000000)
  region size 1024K, 4 young (4096K), 4 survivors (4096K)
 Metaspace       used 59808K, committed 60288K, reserved 1114112K
  class space    used 8006K, committed 8256K, reserved 1048576K
}
Event: 20.076 GC heap before
{Heap before GC invocations=17 (full 0):
 garbage-first heap   total 70656K, used 55422K [0x0000000084e00000, 0x0000000100000000)
  region size 1024K, 29 young (29696K), 4 survivors (4096K)
 Metaspace       used 64911K, committed 65408K, reserved 1114112K
  class space    used 8631K, committed 8896K, reserved 1048576K
}
Event: 20.082 GC heap after
{Heap after GC invocations=18 (full 0):
 garbage-first heap   total 70656K, used 32534K [0x0000000084e00000, 0x0000000100000000)
  region size 1024K, 2 young (2048K), 2 survivors (2048K)
 Metaspace       used 64911K, committed 65408K, reserved 1114112K
  class space    used 8631K, committed 8896K, reserved 1048576K
}
Event: 21.351 GC heap before
{Heap before GC invocations=18 (full 0):
 garbage-first heap   total 70656K, used 57110K [0x0000000084e00000, 0x0000000100000000)
  region size 1024K, 26 young (26624K), 2 survivors (2048K)
 Metaspace       used 70859K, committed 71360K, reserved 1114112K
  class space    used 9570K, committed 9792K, reserved 1048576K
}
Event: 21.355 GC heap after
{Heap after GC invocations=19 (full 0):
 garbage-first heap   total 70656K, used 32683K [0x0000000084e00000, 0x0000000100000000)
  region size 1024K, 2 young (2048K), 2 survivors (2048K)
 Metaspace       used 70859K, committed 71360K, reserved 1114112K
  class space    used 9570K, committed 9792K, reserved 1048576K
}
Event: 22.813 GC heap before
{Heap before GC invocations=19 (full 0):
 garbage-first heap   total 70656K, used 57259K [0x0000000084e00000, 0x0000000100000000)
  region size 1024K, 27 young (27648K), 2 survivors (2048K)
 Metaspace       used 76257K, committed 76800K, reserved 1179648K
  class space    used 10349K, committed 10624K, reserved 1048576K
}
Event: 22.818 GC heap after
{Heap after GC invocations=20 (full 0):
 garbage-first heap   total 70656K, used 34631K [0x0000000084e00000, 0x0000000100000000)
  region size 1024K, 4 young (4096K), 4 survivors (4096K)
 Metaspace       used 76257K, committed 76800K, reserved 1179648K
  class space    used 10349K, committed 10624K, reserved 1048576K
}
Event: 23.881 GC heap before
{Heap before GC invocations=20 (full 0):
 garbage-first heap   total 70656K, used 57159K [0x0000000084e00000, 0x0000000100000000)
  region size 1024K, 27 young (27648K), 4 survivors (4096K)
 Metaspace       used 80600K, committed 81088K, reserved 1179648K
  class space    used 11051K, committed 11264K, reserved 1048576K
}
Event: 23.889 GC heap after
{Heap after GC invocations=21 (full 0):
 garbage-first heap   total 70656K, used 36680K [0x0000000084e00000, 0x0000000100000000)
  region size 1024K, 4 young (4096K), 4 survivors (4096K)
 Metaspace       used 80600K, committed 81088K, reserved 1179648K
  class space    used 11051K, committed 11264K, reserved 1048576K
}
Event: 24.070 GC heap before
{Heap before GC invocations=21 (full 0):
 garbage-first heap   total 70656K, used 58184K [0x0000000084e00000, 0x0000000100000000)
  region size 1024K, 25 young (25600K), 4 survivors (4096K)
 Metaspace       used 80663K, committed 81216K, reserved 1179648K
  class space    used 11056K, committed 11328K, reserved 1048576K
}
Event: 24.076 GC heap after
{Heap after GC invocations=22 (full 0):
 garbage-first heap   total 70656K, used 37313K [0x0000000084e00000, 0x0000000100000000)
  region size 1024K, 3 young (3072K), 3 survivors (3072K)
 Metaspace       used 80663K, committed 81216K, reserved 1179648K
  class space    used 11056K, committed 11328K, reserved 1048576K
}
Event: 24.427 GC heap before
{Heap before GC invocations=23 (full 0):
 garbage-first heap   total 70656K, used 57793K [0x0000000084e00000, 0x0000000100000000)
  region size 1024K, 24 young (24576K), 3 survivors (3072K)
 Metaspace       used 82218K, committed 82688K, reserved 1179648K
  class space    used 11489K, committed 11712K, reserved 1048576K
}
Event: 24.434 GC heap after
{Heap after GC invocations=24 (full 0):
 garbage-first heap   total 70656K, used 39495K [0x0000000084e00000, 0x0000000100000000)
  region size 1024K, 3 young (3072K), 3 survivors (3072K)
 Metaspace       used 82218K, committed 82688K, reserved 1179648K
  class space    used 11489K, committed 11712K, reserved 1048576K
}
Event: 25.205 GC heap before
{Heap before GC invocations=24 (full 0):
 garbage-first heap   total 70656K, used 56903K [0x0000000084e00000, 0x0000000100000000)
  region size 1024K, 21 young (21504K), 3 survivors (3072K)
 Metaspace       used 85235K, committed 85824K, reserved 1179648K
  class space    used 11958K, committed 12224K, reserved 1048576K
}
Event: 25.211 GC heap after
{Heap after GC invocations=25 (full 0):
 garbage-first heap   total 84992K, used 40051K [0x0000000084e00000, 0x0000000100000000)
  region size 1024K, 2 young (2048K), 2 survivors (2048K)
 Metaspace       used 85235K, committed 85824K, reserved 1179648K
  class space    used 11958K, committed 12224K, reserved 1048576K
}

